<?xml version="1.0" encoding="UTF-8"?>
<!-- Generated by org.testng.reporters.JUnitReportReporter -->
<testsuite skipped="0" hostname="DESKTOP-9AS0JCE" name="CalculatorFunctionalityTest" tests="1" failures="0" timestamp="11 Oct 2023 14:26:31 GMT" time="17.594" errors="0">
  <testcase name="mathematicaloperation" time="17.594" classname="CalculatorFunctionalityTest"/>
</testsuite> <!-- CalculatorFunctionalityTest -->
