<?xml version="1.0" encoding="UTF-8"?>
<!-- Generated by org.testng.reporters.JUnitReportReporter -->
<testsuite skipped="0" hostname="DESKTOP-9AS0JCE" name="mobileautomation.CalculatorFunctionalityTest" tests="1" failures="0" timestamp="10 Oct 2023 15:30:11 GMT" time="15.552" errors="0">
  <testcase name="mathematicaloperation" time="15.552" classname="mobileautomation.CalculatorFunctionalityTest"/>
</testsuite> <!-- mobileautomation.CalculatorFunctionalityTest -->
